<?xml version='1.0' encoding='UTF-8' ?>
<testsuite name="com.android.builder.testing.ConnectedDevice" tests="1" failures="1" errors="0" skipped="0" time="9.435" timestamp="2021-07-15T18:24:15" hostname="localhost">
  <properties>
    <property name="device" value="Pixel_2_API_24(AVD) - 7.0" />
    <property name="flavor" value="" />
    <property name="project" value="app" />
  </properties>
  <testcase name="No tests found." classname="com.android.builder.testing.ConnectedDevice" time="0.0">
    <failure>No tests found. This usually means that your test classes are not in the form that your test runner expects (e.g. don't inherit from TestCase or lack &#64;Test annotations).</failure>
  </testcase>
</testsuite>